D:\DOCUMENTS\VISUAL STUDIO 2012\PROJECTS\0628CLIENT\0628CLIENT\DEBUG\0628CLIENT.PCH
D:\DOCUMENTS\VISUAL STUDIO 2012\PROJECTS\0628CLIENT\0628CLIENT\DEBUG\STDAFX.OBJ
D:\DOCUMENTS\VISUAL STUDIO 2012\PROJECTS\0628CLIENT\0628CLIENT\DEBUG\VC110.PDB
D:\DOCUMENTS\VISUAL STUDIO 2012\PROJECTS\0628CLIENT\0628CLIENT\DEBUG\MD5.OBJ
D:\DOCUMENTS\VISUAL STUDIO 2012\PROJECTS\0628CLIENT\0628CLIENT\DEBUG\TCPNET.OBJ
D:\DOCUMENTS\VISUAL STUDIO 2012\PROJECTS\0628CLIENT\0628CLIENT\DEBUG\TCPKERNEL.OBJ
D:\DOCUMENTS\VISUAL STUDIO 2012\PROJECTS\0628CLIENT\0628CLIENT\DEBUG\0628CLIENT.OBJ
D:\DOCUMENTS\VISUAL STUDIO 2012\PROJECTS\0628CLIENT\0628CLIENT\DEBUG\0628CLIENTDLG.OBJ
D:\DOCUMENTS\VISUAL STUDIO 2012\PROJECTS\0628CLIENT\0628CLIENT\DEBUG\DLGMAIN.OBJ
D:\DOCUMENTS\VISUAL STUDIO 2012\PROJECTS\0628CLIENT\DEBUG\0628CLIENT.ILK
D:\DOCUMENTS\VISUAL STUDIO 2012\PROJECTS\0628CLIENT\DEBUG\0628CLIENT.EXE
D:\DOCUMENTS\VISUAL STUDIO 2012\PROJECTS\0628CLIENT\DEBUG\0628CLIENT.PDB
D:\DOCUMENTS\VISUAL STUDIO 2012\PROJECTS\0628CLIENT\0628CLIENT\DEBUG\0628CLIENT.RES
D:\Documents\Visual Studio 2012\Projects\0628Client\0628Client\Debug\0628Client.obj
D:\Documents\Visual Studio 2012\Projects\0628Client\0628Client\Debug\0628ClientDlg.obj
D:\Documents\Visual Studio 2012\Projects\0628Client\0628Client\Debug\DlgMain.obj
D:\Documents\Visual Studio 2012\Projects\0628Client\0628Client\Debug\md5.obj
D:\Documents\Visual Studio 2012\Projects\0628Client\0628Client\Debug\stdafx.obj
D:\Documents\Visual Studio 2012\Projects\0628Client\0628Client\Debug\TCPKernel.obj
D:\Documents\Visual Studio 2012\Projects\0628Client\0628Client\Debug\TCPNet.obj
D:\Documents\Visual Studio 2012\Projects\0628Client\0628Client\Debug\cl.command.1.tlog
D:\Documents\Visual Studio 2012\Projects\0628Client\0628Client\Debug\CL.read.1.tlog
D:\Documents\Visual Studio 2012\Projects\0628Client\0628Client\Debug\CL.write.1.tlog
D:\Documents\Visual Studio 2012\Projects\0628Client\0628Client\Debug\link-cvtres.read.1.tlog
D:\Documents\Visual Studio 2012\Projects\0628Client\0628Client\Debug\link-cvtres.write.1.tlog
D:\Documents\Visual Studio 2012\Projects\0628Client\0628Client\Debug\link-mt.read.1.tlog
D:\Documents\Visual Studio 2012\Projects\0628Client\0628Client\Debug\link-mt.write.1.tlog
D:\Documents\Visual Studio 2012\Projects\0628Client\0628Client\Debug\link-rc.read.1.tlog
D:\Documents\Visual Studio 2012\Projects\0628Client\0628Client\Debug\link-rc.write.1.tlog
D:\Documents\Visual Studio 2012\Projects\0628Client\0628Client\Debug\link.command.1.tlog
D:\Documents\Visual Studio 2012\Projects\0628Client\0628Client\Debug\link.read.1.tlog
D:\Documents\Visual Studio 2012\Projects\0628Client\0628Client\Debug\link.write.1.tlog
D:\Documents\Visual Studio 2012\Projects\0628Client\0628Client\Debug\rc.command.1.tlog
D:\Documents\Visual Studio 2012\Projects\0628Client\0628Client\Debug\rc.read.1.tlog
D:\Documents\Visual Studio 2012\Projects\0628Client\0628Client\Debug\rc.write.1.tlog
D:\Documents\Visual Studio 2012\Projects\0628Client\0628Client\Debug\0628Client.res
D:\Documents\Visual Studio 2012\Projects\0628Client\0628Client\Debug\0628Client.pch
D:\Documents\Visual Studio 2012\Projects\0628Client\0628Client\Debug\vc110.idb
D:\Documents\Visual Studio 2012\Projects\0628Client\0628Client\Debug\vc110.pdb
D:\Documents\Visual Studio 2012\Projects\0628Client\Debug\0628Client.pdb
D:\Documents\Visual Studio 2012\Projects\0628Client\Debug\0628Client.exe
D:\Documents\Visual Studio 2012\Projects\0628Client\Debug\0628Client.ilk
